This is pdfTeX, Version 3.14159265-2.6-1.40.18 (TeX Live 2017) (preloaded format=pdftex 2017.8.17)  31 OCT 2018 16:31
entering extended mode
 restricted \write18 enabled.
 file:line:error style messages enabled.
 %&-line parsing enabled.
**Mechanik.tex
(./Mechanik.tex
./Mechanik.tex:2: Undefined control sequence.
l.2 \chapter
            {Grundlagen Laserentferungsmessung}
The control sequence at the end of the top line
of your error message was never \def'ed. If you have
misspelled it (e.g., `\hobx'), type `I' and the correct
spelling (e.g., `I\hbox'). Otherwise just continue,
and I'll forget about whatever was undefined.

./Mechanik.tex:4: Undefined control sequence.
l.4 \section
            {Lichtlaufzeitmessung}
The control sequence at the end of the top line
of your error message was never \def'ed. If you have
misspelled it (e.g., `\hobx'), type `I' and the correct
spelling (e.g., `I\hbox'). Otherwise just continue,
and I'll forget about whatever was undefined.

./Mechanik.tex:5: Undefined control sequence.
l.5 ...zip der Lichtlaufzeitmessung oder auch \acf
                                                  {ToF} (Abbildung: \ref{tof...
The control sequence at the end of the top line
of your error message was never \def'ed. If you have
misspelled it (e.g., `\hobx'), type `I' and the correct
spelling (e.g., `I\hbox'). Otherwise just continue,
and I'll forget about whatever was undefined.

./Mechanik.tex:5: Undefined control sequence.
l.5 ...essung oder auch \acf{ToF} (Abbildung: \ref
                                                  {tof}), bezieht sich auf d...
The control sequence at the end of the top line
of your error message was never \def'ed. If you have
misspelled it (e.g., `\hobx'), type `I' and the correct
spelling (e.g., `I\hbox'). Otherwise just continue,
and I'll forget about whatever was undefined.

Missing character: There is no Ã in font cmr10!
Missing character: There is no ¶ in font cmr10!
Runaway argument?
 \begin {figure}[H] \centering \includegraphics [width=0.75\textwidth \ETC.
./Mechanik.tex:14: Paragraph ended before \\ was complete.
<to be read again> 
                   \par 
l.14 
     
I suspect you've forgotten a `}', causing me to apply this
control sequence to too much text. How can we recover?
My plan is to forget the whole thing and hope for the best.

./Mechanik.tex:15: Undefined control sequence.
l.15 \section
             {Triangulation}
The control sequence at the end of the top line
of your error message was never \def'ed. If you have
misspelled it (e.g., `\hobx'), type `I' and the correct
spelling (e.g., `I\hbox'). Otherwise just continue,
and I'll forget about whatever was undefined.

)
! Emergency stop.
<*> Mechanik.tex
                
*** (job aborted, no legal \end found)

!  ==> Fatal error occurred, no output PDF file produced!
